{
  "stats": {
    "suites": 1,
    "tests": 2,
    "passes": 2,
    "pending": 0,
    "failures": 0,
    "start": "2024-11-28T03:07:38.898Z",
    "end": "2024-11-28T03:07:43.116Z",
    "duration": 4218,
    "testsRegistered": 2,
    "passPercent": 100,
    "pendingPercent": 0,
    "other": 0,
    "hasOther": false,
    "skipped": 0,
    "hasSkipped": false
  },
  "results": [
    {
      "uuid": "d19adb99-1465-47e9-879f-4b48d8f97570",
      "title": "",
      "fullFile": "cypress/e2e/login.cy.js",
      "file": "cypress/e2e/login.cy.js",
      "beforeHooks": [],
      "afterHooks": [],
      "tests": [],
      "suites": [
        {
          "uuid": "467d3d72-c872-40dc-ac43-a8f521af8027",
          "title": "Pruebas de Inicio de Sesión",
          "fullFile": "",
          "file": "",
          "beforeHooks": [],
          "afterHooks": [],
          "tests": [
            {
              "title": "Debería iniciar sesión exitosamente con credenciales válidas",
              "fullTitle": "Pruebas de Inicio de Sesión Debería iniciar sesión exitosamente con credenciales válidas",
              "timedOut": null,
              "duration": 3084,
              "state": "passed",
              "speed": "fast",
              "pass": true,
              "fail": false,
              "pending": false,
              "context": null,
              "code": "cy.visit('/login'); // URL relativa de tu aplicación\ncy.get('#username').type('username2');\ncy.get('#password').type('password1');\ncy.get('[data-testid=\"login-btn\"]').click();\ncy.url().should('include', '/dashboard'); // Verifica la redirección\ncy.contains('Issues'); // Verifica el contenido",
              "err": {},
              "uuid": "6675f048-e5d6-460e-a878-f544cbc213c3",
              "parentUUID": "467d3d72-c872-40dc-ac43-a8f521af8027",
              "isHook": false,
              "skipped": false
            },
            {
              "title": "Debería mostrar error con credenciales inválidas",
              "fullTitle": "Pruebas de Inicio de Sesión Debería mostrar error con credenciales inválidas",
              "timedOut": null,
              "duration": 1035,
              "state": "passed",
              "speed": "fast",
              "pass": true,
              "fail": false,
              "pending": false,
              "context": null,
              "code": "cy.visit('/login');\ncy.get('#username').type('usuario_invalido');\ncy.get('#password').type('password123');\ncy.get('[data-testid=\"login-btn\"]').click();\ncy.get('.toast-header').should('contain', 'Error'); // Verifica el error",
              "err": {},
              "uuid": "8315c4ea-43b6-418f-8c25-4e36c5873b69",
              "parentUUID": "467d3d72-c872-40dc-ac43-a8f521af8027",
              "isHook": false,
              "skipped": false
            }
          ],
          "suites": [],
          "passes": [
            "6675f048-e5d6-460e-a878-f544cbc213c3",
            "8315c4ea-43b6-418f-8c25-4e36c5873b69"
          ],
          "failures": [],
          "pending": [],
          "skipped": [],
          "duration": 4119,
          "root": false,
          "rootEmpty": false,
          "_timeout": 2000
        }
      ],
      "passes": [],
      "failures": [],
      "pending": [],
      "skipped": [],
      "duration": 0,
      "root": true,
      "rootEmpty": true,
      "_timeout": 2000
    }
  ],
  "meta": {
    "mocha": {
      "version": "7.0.1"
    },
    "mochawesome": {
      "options": {
        "quiet": false,
        "reportFilename": "mochawesome",
        "saveHtml": true,
        "saveJson": true,
        "consoleReporter": "spec",
        "useInlineDiffs": false,
        "code": true
      },
      "version": "7.1.3"
    },
    "marge": {
      "options": {
        "reportDir": "cypress/reports",
        "overwrite": false,
        "html": true,
        "json": true
      },
      "version": "6.2.0"
    }
  }
}