{
  "stats": {
    "suites": 1,
    "tests": 8,
    "passes": 8,
    "pending": 0,
    "failures": 0,
    "start": "2024-11-28T03:07:05.183Z",
    "end": "2024-11-28T03:07:36.944Z",
    "duration": 31761,
    "testsRegistered": 8,
    "passPercent": 100,
    "pendingPercent": 0,
    "other": 0,
    "hasOther": false,
    "skipped": 0,
    "hasSkipped": false
  },
  "results": [
    {
      "uuid": "f3e939e1-f826-4e12-a870-85d8344bb6fe",
      "title": "",
      "fullFile": "cypress/e2e/issue.cy.js",
      "file": "cypress/e2e/issue.cy.js",
      "beforeHooks": [],
      "afterHooks": [],
      "tests": [],
      "suites": [
        {
          "uuid": "d5cf97d6-26ad-45dd-b278-ac1295299b47",
          "title": "Pruebas de Creación de Issues desde el Dashboard con Persistencia",
          "fullFile": "",
          "file": "",
          "beforeHooks": [],
          "afterHooks": [],
          "tests": [
            {
              "title": "Debería abrir el modal para crear un nuevo issue",
              "fullTitle": "Pruebas de Creación de Issues desde el Dashboard con Persistencia Debería abrir el modal para crear un nuevo issue",
              "timedOut": null,
              "duration": 5512,
              "state": "passed",
              "speed": "medium",
              "pass": true,
              "fail": false,
              "pending": false,
              "context": null,
              "code": "cy.get('button').contains('New').click();\ncy.get('.modal-title').should('contain', 'New issue');",
              "err": {},
              "uuid": "94027f15-7d69-4086-b318-fcc1f31c1df9",
              "parentUUID": "d5cf97d6-26ad-45dd-b278-ac1295299b47",
              "isHook": false,
              "skipped": false
            },
            {
              "title": "Debería crear un nuevo issue exitosamente",
              "fullTitle": "Pruebas de Creación de Issues desde el Dashboard con Persistencia Debería crear un nuevo issue exitosamente",
              "timedOut": null,
              "duration": 4384,
              "state": "passed",
              "speed": "fast",
              "pass": true,
              "fail": false,
              "pending": false,
              "context": null,
              "code": "cy.intercept('POST', `${apiUrl}incident`, {\n  statusCode: 200,\n  body: {\n    message: 'Issue created successfully!'\n  }\n}).as('createIssue');\ncy.get('button').contains('New').click();\ncy.get('#issueName').should('be.visible');\ncy.get('#issueName').type('Test Issue');\ncy.get('#issueDescription').type('This is a test issue');\ncy.get('button').contains('Save changes').click();\ncy.wait('@createIssue');\ncy.get('.toast-body').should('contain', 'Issue created successfully.');",
              "err": {},
              "uuid": "db97b738-4b3e-4cdd-8a65-422a3abb6da7",
              "parentUUID": "d5cf97d6-26ad-45dd-b278-ac1295299b47",
              "isHook": false,
              "skipped": false
            },
            {
              "title": "Debería mostrar error si los campos están vacíos",
              "fullTitle": "Pruebas de Creación de Issues desde el Dashboard con Persistencia Debería mostrar error si los campos están vacíos",
              "timedOut": null,
              "duration": 2832,
              "state": "passed",
              "speed": "fast",
              "pass": true,
              "fail": false,
              "pending": false,
              "context": null,
              "code": "cy.get('button').contains('New').click();\ncy.get('button').contains('Save changes').click();\ncy.get('.toast-body').should('contain', 'Please fill in all fields before saving.');",
              "err": {},
              "uuid": "d2082a2a-11bd-4b4e-85d6-93f5d281123c",
              "parentUUID": "d5cf97d6-26ad-45dd-b278-ac1295299b47",
              "isHook": false,
              "skipped": false
            },
            {
              "title": "Debería manejar errores del servidor al crear un issue",
              "fullTitle": "Pruebas de Creación de Issues desde el Dashboard con Persistencia Debería manejar errores del servidor al crear un issue",
              "timedOut": null,
              "duration": 4269,
              "state": "passed",
              "speed": "fast",
              "pass": true,
              "fail": false,
              "pending": false,
              "context": null,
              "code": "cy.intercept('POST', `${apiUrl}incident`, {\n  statusCode: 500,\n  body: {\n    message: 'Failed to create issue'\n  }\n}).as('createIssueError');\ncy.get('button').contains('New').click();\ncy.get('#issueName').should('be.visible');\ncy.get('#issueName').type('Test Issue');\ncy.get('#issueDescription').type('This is a test issue');\ncy.get('button').contains('Save changes').click();\ncy.wait('@createIssueError');\ncy.get('.toast-body').should('contain', 'Failed to create issue.');",
              "err": {},
              "uuid": "c2dd7d2f-032f-42c4-81cd-18e43a530540",
              "parentUUID": "d5cf97d6-26ad-45dd-b278-ac1295299b47",
              "isHook": false,
              "skipped": false
            },
            {
              "title": "Debería navegar al detalle de un issue al hacer clic en \"View Detail\"",
              "fullTitle": "Pruebas de Creación de Issues desde el Dashboard con Persistencia Debería navegar al detalle de un issue al hacer clic en \"View Detail\"",
              "timedOut": null,
              "duration": 4273,
              "state": "passed",
              "speed": "fast",
              "pass": true,
              "fail": false,
              "pending": false,
              "context": null,
              "code": "cy.get('table tbody tr').should('exist');\ncy.get('table tbody tr').first().within(() => {\n  cy.contains('View Detail').click();\n});\ncy.url().should('match', /\\/#\\/issues\\/[a-f0-9\\-]{36}$/);\n// Guardar el issueId desde la URL\ncy.url().then(url => {\n  issueId = url.split('/').pop();\n});",
              "err": {},
              "uuid": "a02ec1b7-0191-4aa0-b383-4d5a069d2d21",
              "parentUUID": "d5cf97d6-26ad-45dd-b278-ac1295299b47",
              "isHook": false,
              "skipped": false
            },
            {
              "title": "Debería agregar un comentario exitosamente",
              "fullTitle": "Pruebas de Creación de Issues desde el Dashboard con Persistencia Debería agregar un comentario exitosamente",
              "timedOut": null,
              "duration": 3401,
              "state": "passed",
              "speed": "fast",
              "pass": true,
              "fail": false,
              "pending": false,
              "context": null,
              "code": "const commentText = 'Este es un comentario de prueba.';\n// Interceptar la llamada para agregar el comentario\ncy.intercept('POST', `${apiUrl}incident/${issueId}/logs`, {\n  statusCode: 200,\n  body: {\n    id: 'log123',\n    details: commentText,\n    user_name: 'Test User',\n    created_date: new Date().toISOString()\n  }\n}).as('addComment');\n// Interceptar la llamada para refrescar los logs\ncy.intercept('GET', `${apiUrl}incident/${issueId}/logs`, {\n  statusCode: 200,\n  body: [{\n    id: 'log123',\n    details: commentText,\n    user_name: 'Test User',\n    created_date: new Date().toISOString()\n  }]\n}).as('fetchLogs');\n// Asegurarse de estar en la página de detalles del issue\ncy.visit(`/#/issues/${issueId}`);\n// Agregar comentario\ncy.get('textarea[placeholder=\"Enter your comment\"]').type(commentText);\ncy.get('button').contains('Add Comment').click();\n// Esperar a que ambas llamadas terminen\ncy.wait('@addComment');\ncy.wait('@fetchLogs');\n// Verificar que el comentario aparece en la lista de comentarios\ncy.get('.comments-container').contains(commentText).should('be.visible');",
              "err": {},
              "uuid": "6704cb98-eef1-4380-aee8-802c04f90cbb",
              "parentUUID": "d5cf97d6-26ad-45dd-b278-ac1295299b47",
              "isHook": false,
              "skipped": false
            },
            {
              "title": "Debería mostrar error si el campo de comentario está vacío",
              "fullTitle": "Pruebas de Creación de Issues desde el Dashboard con Persistencia Debería mostrar error si el campo de comentario está vacío",
              "timedOut": null,
              "duration": 2977,
              "state": "passed",
              "speed": "fast",
              "pass": true,
              "fail": false,
              "pending": false,
              "context": null,
              "code": "// Asegurarse de estar en la página de detalles del issue\ncy.visit(`/#/issues/${issueId}`);\ncy.get('textarea[placeholder=\"Enter your comment\"]').clear();\ncy.get('button').contains('Add Comment').click();\n// Verificar que se muestra el mensaje de error\ncy.get('.toast-body').should('contain', 'Please enter log details.');",
              "err": {},
              "uuid": "085137ea-a53d-4569-a90e-d05536b07ede",
              "parentUUID": "d5cf97d6-26ad-45dd-b278-ac1295299b47",
              "isHook": false,
              "skipped": false
            },
            {
              "title": "Debería manejar errores del servidor al agregar un comentario",
              "fullTitle": "Pruebas de Creación de Issues desde el Dashboard con Persistencia Debería manejar errores del servidor al agregar un comentario",
              "timedOut": null,
              "duration": 3541,
              "state": "passed",
              "speed": "fast",
              "pass": true,
              "fail": false,
              "pending": false,
              "context": null,
              "code": "cy.intercept('POST', `${apiUrl}incident/${issueId}/logs`, {\n  statusCode: 500,\n  body: {\n    message: 'Failed to add log'\n  }\n}).as('addCommentError');\n// Asegurarse de estar en la página de detalles del issue\ncy.visit(`/#/issues/${issueId}`);\n// Intentar agregar comentario\ncy.get('textarea[placeholder=\"Enter your comment\"]').type('Este es un comentario que generará error.');\ncy.get('button').contains('Add Comment').click();\n// Verificar que se muestra el mensaje de error del servidor\ncy.wait('@addCommentError');\ncy.get('.toast-body').should('contain', 'Failed to add log.');",
              "err": {},
              "uuid": "ea518945-3ee6-47b5-81e9-0d4492cc0b27",
              "parentUUID": "d5cf97d6-26ad-45dd-b278-ac1295299b47",
              "isHook": false,
              "skipped": false
            }
          ],
          "suites": [],
          "passes": [
            "94027f15-7d69-4086-b318-fcc1f31c1df9",
            "db97b738-4b3e-4cdd-8a65-422a3abb6da7",
            "d2082a2a-11bd-4b4e-85d6-93f5d281123c",
            "c2dd7d2f-032f-42c4-81cd-18e43a530540",
            "a02ec1b7-0191-4aa0-b383-4d5a069d2d21",
            "6704cb98-eef1-4380-aee8-802c04f90cbb",
            "085137ea-a53d-4569-a90e-d05536b07ede",
            "ea518945-3ee6-47b5-81e9-0d4492cc0b27"
          ],
          "failures": [],
          "pending": [],
          "skipped": [],
          "duration": 31189,
          "root": false,
          "rootEmpty": false,
          "_timeout": 2000
        }
      ],
      "passes": [],
      "failures": [],
      "pending": [],
      "skipped": [],
      "duration": 0,
      "root": true,
      "rootEmpty": true,
      "_timeout": 2000
    }
  ],
  "meta": {
    "mocha": {
      "version": "7.0.1"
    },
    "mochawesome": {
      "options": {
        "quiet": false,
        "reportFilename": "mochawesome",
        "saveHtml": true,
        "saveJson": true,
        "consoleReporter": "spec",
        "useInlineDiffs": false,
        "code": true
      },
      "version": "7.1.3"
    },
    "marge": {
      "options": {
        "reportDir": "cypress/reports",
        "overwrite": false,
        "html": true,
        "json": true
      },
      "version": "6.2.0"
    }
  }
}